1638431629612	mozrunner::runner	INFO	Running command: "C:\\Program Files\\Mozilla Firefox\\firefox.exe" "-marionette" "-foreground" "-no-remote" "-profile" "C:\\Users\\me\\AppData\\Local\\Temp\\rust_mozprofilequHPGd"
Can't find symbol 'eglSwapBuffersWithDamageEXT'.
JavaScript error: resource://gre/modules/XULStore.jsm, line 66: Error: Can't find profile directory.
console.error: SearchCache: "_readCacheFile: Error reading cache file:" (new Error("", "(unknown module)"))
1638431634362	Marionette	INFO	Listening on port 58375
1638431634435	Marionette	WARN	TLS certificate errors will be ignored for this session
1638431623611	Marionette	INFO	Stopped listening on port 58346
console.error: Region.jsm: "Error fetching region" (new TypeError("NetworkError when attempting to fetch resource.", ""))
console.error: Region.jsm: "Failed to fetch region" (new Error("NO_RESULT", "resource://gre/modules/Region.jsm", 351))
JavaScript error: chrome://marionette/content/proxy.js, line 287: NS_ERROR_NOT_INITIALIZED: 

###!!! [Child][RunMessage] Error: Channel closing: too late to send/recv, messages will be lost


###!!! [Child][MessageChannel::SendAndWait] Error: Channel error: cannot send/recv

rror: services.settings: 
  main/fxmonitor-breaches Signature failed  TypeError: NetworkError when attempting to fetch resource.

###!!! [Child][RunMessage] Error: Channel closing: too late to send/recv, messages will be lost


###!!! [Child][MessageChannel::SendAndWait] Error: Channel error: cannot send/recv

dAndWait] Error: Channel error: cannot send/recv

	WARN	TimedPromise timed out after 500 ms: stacktrace:
TimedPromise/<@chrome://marionette/content/sync.js:245:13
TimedPromise@chrome://marionette/content/sync.js:230:10
interaction.flushEventLoop@chrome://marionette/content/interaction.js:416:10
webdriverClickElement@chrome://marionette/content/interaction.js:182:31
1634050550727	Marionette	INFO	Stopped listening on port 60839

###!!! [Child][MessageChannel::SendAndWait] Error: Channel error: cannot send/recv

l be lost


###!!! [Child][MessageChannel::SendAndWait] Error: Channel error: cannot send/recv

 XML, status: 0, reason: error
console.error: services.settings: 
  Message: NetworkOfflineError: Network is offline
  Stack:
    NetworkOfflineError@resource://services-settings/RemoteSettingsClient.jsm:129:5
maybeSync@resource://services-settings/RemoteSettingsClient.jsm:516:15
remoteSettingsFunction/remoteSettings.pollChanges@resource://services-settings/remote-settings.js:310:22

console.error: services.settings: 
  Message: NetworkOfflineError: Network is offline
  Stack:
    NetworkOfflineError@resource://services-settings/RemoteSettingsClient.jsm:129:5
maybeSync@resource://services-settings/RemoteSettingsClient.jsm:516:15
remoteSettingsFunction/remoteSettings.pollChanges@resource://services-settings/remote-settings.js:310:22

console.error: services.settings: 
  Message: NetworkOfflineError: Network is offline
  Stack:
    NetworkOfflineError@resource://services-settings/RemoteSettingsClient.jsm:129:5
maybeSync@resource://services-settings/RemoteSettingsClient.jsm:516:15
remoteSettingsFunction/remoteSettings.pollChanges@resource://services-settings/remote-settings.js:310:22

console.error: services.settings: 
  Message: NetworkOfflineError: Network is offline
  Stack:
    NetworkOfflineError@resource://services-settings/RemoteSettingsClient.jsm:129:5
maybeSync@resource://services-settings/RemoteSettingsClient.jsm:516:15
remoteSettingsFunction/remoteSettings.pollChanges@resource://services-settings/remote-settings.js:310:22

console.error: services.settings: 
  Message: NetworkOfflineError: Network is offline
  Stack:
    NetworkOfflineError@resource://services-settings/RemoteSettingsClient.jsm:129:5
maybeSync@resource://services-settings/RemoteSettingsClient.jsm:516:15
remoteSettingsFunction/remoteSettings.pollChanges@resource://services-settings/remote-settings.js:310:22

console.error: services.settings: 
  Message: NetworkOfflineError: Network is offline
  Stack:
    NetworkOfflineError@resource://services-settings/RemoteSettingsClient.jsm:129:5
maybeSync@resource://services-settings/RemoteSettingsClient.jsm:516:15
remoteSettingsFunction/remoteSettings.pollChanges@resource://services-settings/remote-settings.js:310:22

console.error: services.settings: 
  Message: NetworkOfflineError: Network is offline
  Stack:
    NetworkOfflineError@resource://services-settings/RemoteSettingsClient.jsm:129:5
maybeSync@resource://services-settings/RemoteSettingsClient.jsm:516:15
remoteSettingsFunction/remoteSettings.pollChanges@resource://services-settings/remote-settings.js:310:22

console.error: services.settings: 
  Message: NetworkOfflineError: Network is offline
  Stack:
    NetworkOfflineError@resource://services-settings/RemoteSettingsClient.jsm:129:5
maybeSync@resource://services-settings/RemoteSettingsClient.jsm:516:15
remoteSettingsFunction/remoteSettings.pollChanges@resource://services-settings/remote-settings.js:310:22

console.error: services.settings: 
  Message: NetworkOfflineError: Network is offline
  Stack:
    NetworkOfflineError@resource://services-settings/RemoteSettingsClient.jsm:129:5
maybeSync@resource://services-settings/RemoteSettingsClient.jsm:516:15
remoteSettingsFunction/remoteSettings.pollChanges@resource://services-settings/remote-settings.js:310:22

console.error: services.settings: 
  Message: NetworkOfflineError: Network is offline
  Stack:
    NetworkOfflineError@resource://services-settings/RemoteSettingsClient.jsm:129:5
maybeSync@resource://services-settings/RemoteSettingsClient.jsm:516:15
remoteSettingsFunction/remoteSettings.pollChanges@resource://services-settings/remote-settings.js:310:22

console.error: services.settings: 
  Message: NetworkOfflineError: Network is offline
  Stack:
    NetworkOfflineError@resource://services-settings/RemoteSettingsClient.jsm:129:5
maybeSync@resource://services-settings/RemoteSettingsClient.jsm:516:15
remoteSettingsFunction/remoteSettings.pollChanges@resource://services-settings/remote-settings.js:310:22

console.error: services.settings: 
  Message: NetworkOfflineError: Network is offline
  Stack:
    NetworkOfflineError@resource://services-settings/RemoteSettingsClient.jsm:129:5
maybeSync@resource://services-settings/RemoteSettingsClient.jsm:516:15
remoteSettingsFunction/remoteSettings.pollChanges@resource://services-settings/remote-settings.js:310:22

console.error: services.settings: 
  Message: NetworkOfflineError: Network is offline
  Stack:
    NetworkOfflineError@resource://services-settings/RemoteSettingsClient.jsm:129:5
maybeSync@resource://services-settings/RemoteSettingsClient.jsm:516:15
remoteSettingsFunction/remoteSettings.pollChanges@resource://services-settings/remote-settings.js:310:22

console.error: services.settings: 
  Message: NetworkOfflineError: Network is offline
  Stack:
    NetworkOfflineError@resource://services-settings/RemoteSettingsClient.jsm:129:5
maybeSync@resource://services-settings/RemoteSettingsClient.jsm:516:15
remoteSettingsFunction/remoteSettings.pollChanges@resource://services-settings/remote-settings.js:310:22

console.error: services.settings: 
  Message: NetworkOfflineError: Network is offline
  Stack:
    NetworkOfflineError@resource://services-settings/RemoteSettingsClient.jsm:129:5
maybeSync@resource://services-settings/RemoteSettingsClient.jsm:516:15
remoteSettingsFunction/remoteSettings.pollChanges@resource://services-settings/remote-settings.js:310:22

console.error: services.settings: 
  Message: NetworkOfflineError: Network is offline
  Stack:
    NetworkOfflineError@resource://services-settings/RemoteSettingsClient.jsm:129:5
maybeSync@resource://services-settings/RemoteSettingsClient.jsm:516:15
remoteSettingsFunction/remoteSettings.pollChanges@resource://services-settings/remote-settings.js:310:22

console.error: services.settings: 
  Message: NetworkOfflineError: Network is offline
  Stack:
    NetworkOfflineError@resource://services-settings/RemoteSettingsClient.jsm:129:5
maybeSync@resource://services-settings/RemoteSettingsClient.jsm:516:15
remoteSettingsFunction/remoteSettings.pollChanges@resource://services-settings/remote-settings.js:310:22

console.error: services.settings: 
  Message: NetworkOfflineError: Network is offline
  Stack:
    NetworkOfflineError@resource://services-settings/RemoteSettingsClient.jsm:129:5
maybeSync@resource://services-settings/RemoteSettingsClient.jsm:516:15
remoteSettingsFunction/remoteSettings.pollChanges@resource://services-settings/remote-settings.js:310:22

console.error: services.settings: 
  Message: NetworkOfflineError: Network is offline
  Stack:
    NetworkOfflineError@resource://services-settings/RemoteSettingsClient.jsm:129:5
maybeSync@resource://services-settings/RemoteSettingsClient.jsm:516:15
remoteSettingsFunction/remoteSettings.pollChanges@resource://services-settings/remote-settings.js:310:22

console.error: services.settings: 
  Message: NetworkOfflineError: Network is offline
  Stack:
    NetworkOfflineError@resource://services-settings/RemoteSettingsClient.jsm:129:5
maybeSync@resource://services-settings/RemoteSettingsClient.jsm:516:15
remoteSettingsFunction/remoteSettings.pollChanges@resource://services-settings/remote-settings.js:310:22

console.error: services.settings: 
  Message: NetworkOfflineError: Network is offline
  Stack:
    NetworkOfflineError@resource://services-settings/RemoteSettingsClient.jsm:129:5
maybeSync@resource://services-settings/RemoteSettingsClient.jsm:516:15
remoteSettingsFunction/remoteSettings.pollChanges@resource://services-settings/remote-settings.js:310:22

console.error: services.settings: 
  Message: NetworkOfflineError: Network is offline
  Stack:
    NetworkOfflineError@resource://services-settings/RemoteSettingsClient.jsm:129:5
maybeSync@resource://services-settings/RemoteSettingsClient.jsm:516:15
remoteSettingsFunction/remoteSettings.pollChanges@resource://services-settings/remote-settings.js:310:22

1634014098193	Marionette	INFO	Stopped listening on port 64150

###!!! [Child][MessageChannel::SendAndWait] Error: Channel error: cannot send/recv

02697065	addons.xpi	WARN	Addon with ID bing@search.mozilla.org already installed, older version will be disabled
1572902697066	addons.xpi-utils	WARN	Error: XPI database modified after shutdown began(resource://gre/modules/addons/XPIDatabase.jsm:1478:17) JS Stack trace: saveChanges@XPIDatabase.jsm:1478:17
makeAddonVisible@XPIDatabase.jsm:2281:10
addToDatabase@XPIDatabase.jsm:2208:12
install@XPIInstall.jsm:4342:27
update@XPIProvider.jsm:2042:13
1572902697067	addons.xpi-utils	WARN	Error: XPI database modified after shutdown began(resource://gre/modules/addons/XPIDatabase.jsm:1478:17) JS Stack trace: saveChanges@XPIDatabase.jsm:1478:17
addToDatabase@XPIDatabase.jsm:2211:10
install@XPIInstall.jsm:4342:27
update@XPIProvider.jsm:2042:13
[Parent 63396, Gecko_IOThread] WARNING: pipe error: 109: file z:/task_1572401533/build/src/ipc/chromium/src/chrome/common/ipc_channel_win.cc, line 341
[Child 62604, Chrome_ChildThread] WARNING: pipe error: 109: file z:/task_1572401533/build/src/ipc/chromium/src/chrome/common/ipc_channel_win.cc, line 341
[Child 62604, Chrome_ChildThread] WARNING: pipe error: 109: file z:/task_1572401533/build/src/ipc/chromium/src/ch1572902697113	addons.xpi	WARN	Addon with ID ddg@search.mozilla.org already installed, older version will be disabled
ead] WARNING: pipe error: 109: file z:/task_1572401533/build/src/ipc/chromium/src/chrome/common/ipc_channel_win.cc, line 341

###!!! [Child][MessageChannel] Error: (msgtype=0x370124,name=PContent::Msg_DetachBrowsingContext) Closed channel: cannot send/recv

[Child 3296, Chrome_ChildThread] WARNING: pipe error: 109: file z:/task_1572401533/build/src/ipc/chromium/src/chrome/common/ipc_channel_win.cc, line 341

###!!! [Child][MessageChannel] Error: (msgtype=0x370124,name=PContent::Msg_DetachBrowsingContext) Closed channel: cannot send/recv

JavaScript error: resource:///actors/AboutReaderChild.jsm, line 95: NS_ERROR_UNEXPECTED: 

###!!! [Child][MessageChannel] Error: (msgtype=0x370106,name=PContent::Msg_UnstoreAndBroadcastBlobURLUnregistration) Closed channel: cannot send/recv


###!!! [Child][MessageChannel] Error: (msgtype=0x370106,name=PContent::Msg_UnstoreAndBroadcastBlobURLUnregistration) Closed channel: cannot send/recv


###!!! [Child][MessageChannel] Error: (msgtype=0x370106,name=PContent::Msg_UnstoreAndBroadcastBlobURLUnregistration) Closed channel: cannot send/recv


###!!! [Child][MessageChannel] Error: (msgtype=0x370106,name=PContent::Msg_UnstoreAndBroadcastBlobURLUnregistration) Closed channel: cannot send/recv


###!!! [Child][MessageChannel] Error: (msgtype=0x370106,name=PContent::Msg_UnstoreAndBroadcastBlobURLUnregistration) Closed channel: cannot send/recv


###!!! [Child][MessageChannel] Error: (msgtype=0x370106,name=PContent::Msg_UnstoreAndBroadcastBlobURLUnregistration) Closed channel: cannot send/recv


###!!! [Child][MessageChannel] Error: (msgtype=0x370106,name=PContent::Msg_UnstoreAndBroadcastBlobURLUnregistration) Closed channel: cannot send/recv


###!!! [Child][MessageChannel] Error: (msgtype=0x370106,name=PContent::Msg_UnstoreAndBroadcastBlobURLUnregistration) Closed channel: cannot send/recv


###!!! [Child][MessageChannel] Error: (msgtype=0x370124,name=PContent::Msg_DetachBrowsingContext) Closed channel: cannot send/recv

ceError: aler is not defined
JavaScript error: http://localhost/openconf/chair/list_topics_r.php, line 1: ReferenceError: aler is not defined
JavaScript error: http://localhost/openconf/chair/list_topics_r.php, line 1: ReferenceError: aler is not defined
JavaScript error: http://localhost/openconf/chair/list_topics_r.php, line 1: ReferenceError: aler is not defined
JavaScript error: http://localhost/openconf/chair/list_topics_r.php, line 1: ReferenceError: aler is not defined
JavaScript error: http://localhost/openconf/chair/list_topics_r.php, line 1: ReferenceError: aler is not defined
JavaScript error: http://localhost/openconf/chair/list_topics_r.php, line 1: ReferenceError: aler is not defined
1571234766589	Marionette	INFO	Stopped listening on port 61772
[Child 10812, Chrome_ChildThread] WARNING: pipe error: 109: file z:/task_1570640083/build/src/ipc/chromium/src/chrome/common/ipc_channel_win.cc, line 341
[Child 10812, Chrome_ChildThread] WARNING: pipe error: 109: file z:/task_1570640083[Child 11632, Chrome_ChildThread] WARNING: pipe error: 109: file z:/task_1570640083/build/src/ipc/chromium/src/chrome/common/ipc_channel_win.cc, line 341
[Child 11632, Chrome_ChildThread] WARNING: pipe error: 109: file z:/task_1570640083/build/src/ipc/chromium/src/chrome/common/ipc_channel_win.cc, line 341
[Parent 7008, Gecko_IOThread] WARNING: pipe error: 109: file z:/task_1570640083/build/src/ipc/chromium/src/chrome/common/ipc_channel_win.cc, line 341

###!!! [Child][RunMessage] Error: Channel closing: too late to send/recv, messages will be lost


###!!! [Child][MessageChannel::SendAndWait] Error: Channel error: cannot send/recv

calhost/openconf/chair/, line 1: ReferenceError: aler is not defined
JavaScript error: http://localhost/openconf/chair/, line 1: ReferenceError: aler is not defined
JavaScript error: http://localhost/openconf/chair/, line 1: ReferenceError: aler is not defined
JavaScript error: http://localhost/openconf/chair/clear_advocate_data.php, line 1: ReferenceError: aler is not defined
JavaScript error: http://localhost/openconf/chair/clear_advocate_data.php, line 1: ReferenceError: aler is not defined
JavaScript error: http://localhost/openconf/chair/clear_advocate_data.php, line 1: ReferenceError: aler is not defined
JavaScript error: http://localhost/openconf/chair/clear_advocate_data.php, line 1: ReferenceError: aler is not defined
JavaScript error: http://localhost/openconf/chair/clear_advocate_data.php, line 1: ReferenceError: aler is not defined
JavaScript error: http://localhost/openconf/chair/clear_advocate_data.php, line 1: ReferenceError: aler is not defined
JavaScript error: http://localhost/openconf/chair/clear_advocate_data.php, line 1: ReferenceError: aler is not defined
JavaScript error: http://localhost/openconf/chair/clear_advocate_data.php, line 1: ReferenceError: aler is not defined
JavaScript error: http://localhost/openconf/chair/clear_advocate_data.php, line 1: ReferenceError: aler is not defined
JavaScript error: http://localhost/openconf/chair/clear_advocate_data.php, line 1: ReferenceError: aler is not defined
JavaScript error: http://localhost/openconf/chair/clear_advocate_data.php, line 1: ReferenceError: aler is not defined
JavaScript error: http://localhost/openconf/chair/clear_advocate_data.php, line 1: ReferenceError: aler is not defined
JavaScript error: http://localhost/openconf/chair/clear_advocate_data.php, line 1: ReferenceError: aler is not defined
JavaScript error: http://localhost/openconf/chair/clear_advocate_data.php, line 1: ReferenceError: aler is not defined
JavaScript error: http://localhost/openconf/chair/clear_advocate_data.php, line 1: ReferenceError: aler is not defined
1571234634065	Marionette	INFO	Stopped listening on port 61638
[Parent 21360, Gecko_IOThread] WARNING: pipe error: 109: file z:/task_1570640083/build/src/ipc/chromium/src/chrome/common/ipc_channel_win.cc, line 341
[Child 11316, Chrome_ChildThread] WARNING: pipe error: 109: file z:/task_1570640083/build/src/ipc/chromium/src/chrome/common/ipc_channel_win.cc, line 341
[Child 11316, Chrome_ChildThread] WARNING: pipe error: 109: file z:/task_1570640083/build/src/ipc/chromium/src/chrome/common/ipc_channel_win.cc, line 341
[Parent 21360, Gecko_IOThread] WARNING: pipe error: 109: file z:/task_1570640083/build/src/ipc/chromium/src/chrome/common/ipc_channel_win.cc, line 341
[Child 812, Chrome_ChildThread] WARNING: pipe error: 109: file z:/task_1570640083/build/src/ipc/chromium/src/chrome/common/ipc_channel_win.cc, line 341
[Child 812, Chrome_ChildThr[Parent 21360, Gecko_IOThread] WARNING: pipe error: 109: file z:/task_1570640083/build/src/ipc/chromium/src/chrome/common/ipc_channel_win.cc, line 341
[Child 6904, Chrome_ChildThread] WARNING: pipe error: 109: file z:/task_1570640083/build/src/ipc/chromium/src/chrome/common/ipc_channel_win.cc, line 341
[Child 6904, Chr
###!!! [Child][MessageChannel::SendAndWait] Error: Channel error: cannot send/recv

